Memory dump at start of execution:
PC = 0012  SP = FEFF
DR = 0000  AR = 0000
0000   FFFF 0000 0000 0000 0000 0000 0000 0000
0008   0000 0000 0000 0015 0000 0000 0009 0001
0010   000A 00F0 8FEE 0FF9 3FFB A008 0FF6 2FF9
0018   FDC0 6FF5 0FF2 2FF3 1FF0 CFF6 8FE2 FC80
0020   9002 F801 FEC0 F401 FD80 B006 4FD9 FDC0
0028   F401 6FE5 F501 CFF8 FEC0 0000 0000 0000
0030   0000 0000 0000 0000 0000 0000 0000 0000
  locations 0038 to FEF7 same as above
FEF8   0000 0000 0000 0000 0000 0000 0000 FFF0
FF00   0000 0000 0000 0000 0000 0000 0000 0000
  locations FF08 to FFFF same as above
0123456789
 
 
Memory dump at end of execution:
PC = FFF0  SP = FF00
DR = 0000  AR = 000C
0000   FFFF 00F0 00F1 00F2 00F3 00F4 00F5 00F6
0008   00F7 00F8 00F9 0015 0000 000A 0009 0001
0010   000A 00F0 8FEE 0FF9 3FFB A008 0FF6 2FF9
0018   FDC0 6FF5 0FF2 2FF3 1FF0 CFF6 8FE2 FC80
0020   9002 F801 FEC0 F401 FD80 B006 4FD9 FDC0
0028   F401 6FE5 F501 CFF8 FEC0 0000 0000 0000
0030   0000 0000 0000 0000 0000 0000 0000 0000
  locations 0038 to FEF7 same as above
FEF8   0000 0000 0000 0000 0000 0021 000C FFF0
FF00   0000 0000 0000 0000 0000 0000 0000 0000
  locations FF08 to FFF7 same as above
FFF8   0000 0000 0000 0000 0000 0000 0000 0015
