Memory dump at start of execution:
PC = 0011  SP = FEFF
DR = 0000  AR = 0000
0000   0000 0000 0000 0000 0000 0000 0000 0000
0008   0000 0000 0015 0000 0000 0009 0001 000A
0010   00F0 8FEE 0FF9 3FFB A008 0FF6 2FF9 FDC0
0018   6FF5 0FF2 2FF3 1FF0 CFF6 8FE2 FC80 4003
0020   FE80 F801 FEC0 0027 FFFF 0001 0015 F401
0028   FD80 B006 4FF9 FDC0 F401 6FF7 F501 CFF8
0030   0FF5 4FF2 FDC0 FEC0 0000 0000 0000 0000
0038   0000 0000 0000 0000 0000 0000 0000 0000
  locations 0040 to FEF7 same as above
FEF8   0000 0000 0000 0000 0000 0000 0000 FFF0
FF00   0000 0000 0000 0000 0000 0000 0000 0000
  locations FF08 to FFFF same as above
0123456789
 
 
 
Memory dump at end of execution:
PC = FFF0  SP = FF00
DR = 0015  AR = FFFF
0000   00F0 00F1 00F2 00F3 00F4 00F5 00F6 00F7
0008   00F8 00F9 0015 0000 000A 0009 0001 000A
0010   00F0 8FEE 0FF9 3FFB A008 0FF6 2FF9 FDC0
0018   6FF5 0FF2 2FF3 1FF0 CFF6 8FE2 FC80 4003
0020   FE80 F801 FEC0 0027 FFFF 0001 0015 F401
0028   FD80 B006 4FF9 FDC0 F401 6FF7 F501 CFF8
0030   0FF5 4FF2 FDC0 FEC0 0000 0000 0000 0000
0038   0000 0000 0000 0000 0000 0000 0000 0000
  locations 0040 to FEF7 same as above
FEF8   0000 0000 0000 0000 0000 0021 000B FFF0
FF00   0000 0000 0000 0000 0000 0000 0000 0000
  locations FF08 to FFF7 same as above
FFF8   0000 0000 0000 0000 0000 0000 0000 0015
