Memory dump at start of execution:
PC = 0092  SP = FEFF
DR = 0000  AR = 0000
0000   0027 00B3 000A 0022 FC19 001D FFA4 FFFF
0008   0000 F830 FC04 1538 F901 FB00 F100 8FF2
0010   F600 FD80 4FED F600 6010 FDC0 4FEA F600
0018   FD80 4FE6 F600 600A FDC0 FB01 F200 F100
0020   3003 DFED F801 FEC0 000A 0014 001E 0000
0028   0000 0000 0000 0000 0000 0000 0000 0000
  locations 0030 to 0087 same as above
0088   0000 0000 0000 0002 00B3 000C 00BE 0001
0090   0064 0027 8F94 FB00 FDC0 6FF9 0FF9 3FF7
0098   1FF7 D002 B001 CFF7 0015 FC00 4FEC FC80
00A0   8F86 FC80 4FEB FE80 F803 000C FC00 4FE4
00A8   FC80 4FE7 6007 FC80 4FE1 FE80 F803 4FDD
00B0   FE80 FEC0 000A 0014 0040 FCE1 004F FFAE
00B8   FFFC 0021 FC18 EC64 0D68 0001 F003 D00A
00C0   B009 3FFB F103 F403 F602 FD80 F403 F601
00C8   FDC0 CFF4 FEC0 0000 0000 0000 0000 0000
00D0   0000 0000 0000 0000 0000 0000 0000 0000
  locations 00D8 to FEF7 same as above
FEF8   0000 0000 0000 0000 0000 0000 0000 FFF0
FF00   0000 0000 0000 0000 0000 0000 0000 0000
  locations FF08 to FFFF same as above
 
 
Memory dump at end of execution:
PC = FFF0  SP = FF00
DR = 0000  AR = 004E
0000   0027 00B3 000A 0022 FC19 001D FFA4 FFFF
0008   0000 F830 FC04 1538 F901 FB00 F100 8FF2
0010   F600 FD80 4FED F600 6010 FDC0 4FEA F600
0018   FD80 4FE6 F600 600A FDC0 FB01 F200 F100
0020   3003 DFED F801 FEC0 000A 0014 001E 000A
0028   0022 FC19 001D FFA4 FFFF 0000 F830 FC04
0030   1538 0014 0040 FCE1 004F FFAE FFFC 0021
0038   FC18 EC64 0D68 000A 0022 FC19 001D FFA4
0040   FFFF 0000 F830 FC04 1538 0014 0040 FCE1
0048   004F FFAE FFFC 0021 FC18 EC64 0D68 0000
0050   0000 0000 0000 0000 0000 0000 0000 0000
  locations 0058 to 0087 same as above
0088   0000 0000 0000 0002 00B3 000C 00BE 0001
0090   0000 0027 8F94 FB00 FDC0 6FF9 0FF9 3FF7
0098   1FF7 D002 B001 CFF7 0015 FC00 4FEC FC80
00A0   8F86 FC80 4FEB FE80 F803 000C FC00 4FE4
00A8   FC80 4FE7 6007 FC80 4FE1 FE80 F803 4FDD
00B0   FE80 FEC0 000A 0014 0040 FCE1 004F FFAE
00B8   FFFC 0021 FC18 EC64 0D68 0001 F003 D00A
00C0   B009 3FFB F103 F403 F602 FD80 F403 F601
00C8   FDC0 CFF4 FEC0 0000 0000 0000 0000 0000
00D0   0000 0000 0000 0000 0000 0000 0000 0000
  locations 00D8 to FEF7 same as above
FEF8   0000 0000 0000 00AE 0031 000A 00B1 FFF0
FF00   0000 0000 0000 0000 0000 0000 0000 0000
  locations FF08 to FFFF same as above
